# JRE version: Java(TM) SE Runtime Environment (8.0_25-b18) (build 1.8.0_25-b18)
# Java VM: Java HotSpot(TM) 64-Bit Server VM (25.25-b02 mixed mode windows-amd64 compressed oops)
Heap:
 PSYoungGen      total 72704K, used 4958K [0x00000000d5d00000, 0x00000000dc880000, 0x0000000100000000)
  eden space 61952K, 8% used [0x00000000d5d00000,0x00000000d61d7af0,0x00000000d9980000)
  from space 10752K, 0% used [0x00000000da580000,0x00000000da580000,0x00000000db000000)
  to   space 12288K, 0% used [0x00000000d9980000,0x00000000d9980000,0x00000000da580000)
 ParOldGen       total 114176K, used 19724K [0x0000000081600000, 0x0000000088580000, 0x00000000d5d00000)
  object space 114176K, 17% used [0x0000000081600000,0x0000000082943278,0x0000000088580000)
 Metaspace       used 34301K, capacity 35706K, committed 35752K, reserved 1079296K
  class space    used 4873K, capacity 5100K, committed 5120K, reserved 1048576K
GC Heap History (10 events):
Event: 2.785 GC heap before
{Heap before GC invocations=4 (full 1):
 PSYoungGen      total 38400K, used 5094K [0x00000000d5d00000, 0x00000000da800000, 0x0000000100000000)
  eden space 33280K, 0% used [0x00000000d5d00000,0x00000000d5d00000,0x00000000d7d80000)
  from space 5120K, 99% used [0x00000000d7d80000,0x00000000d8279b20,0x00000000d8280000)
  to   space 5120K, 0% used [0x00000000da300000,0x00000000da300000,0x00000000da800000)
 ParOldGen       total 87552K, used 5405K [0x0000000081600000, 0x0000000086b80000, 0x00000000d5d00000)
  object space 87552K, 6% used [0x0000000081600000,0x0000000081b47618,0x0000000086b80000)
 Metaspace       used 20486K, capacity 21130K, committed 21296K, reserved 1067008K
  class space    used 2945K, capacity 3100K, committed 3200K, reserved 1048576K
Event: 2.838 GC heap after
Heap after GC invocations=4 (full 1):
 PSYoungGen      total 38400K, used 0K [0x00000000d5d00000, 0x00000000da800000, 0x0000000100000000)
  eden space 33280K, 0% used [0x00000000d5d00000,0x00000000d5d00000,0x00000000d7d80000)
  from space 5120K, 0% used [0x00000000d7d80000,0x00000000d7d80000,0x00000000d8280000)
  to   space 5120K, 0% used [0x00000000da300000,0x00000000da300000,0x00000000da800000)
 ParOldGen       total 67072K, used 10283K [0x0000000081600000, 0x0000000085780000, 0x00000000d5d00000)
  object space 67072K, 15% used [0x0000000081600000,0x000000008200aee8,0x0000000085780000)
 Metaspace       used 20485K, capacity 21128K, committed 21296K, reserved 1067008K
  class space    used 2945K, capacity 3099K, committed 3200K, reserved 1048576K
}
Event: 3.542 GC heap before
{Heap before GC invocations=5 (full 1):
 PSYoungGen      total 38400K, used 33280K [0x00000000d5d00000, 0x00000000da800000, 0x0000000100000000)
  eden space 33280K, 100% used [0x00000000d5d00000,0x00000000d7d80000,0x00000000d7d80000)
  from space 5120K, 0% used [0x00000000d7d80000,0x00000000d7d80000,0x00000000d8280000)
  to   space 5120K, 0% used [0x00000000da300000,0x00000000da300000,0x00000000da800000)
 ParOldGen       total 67072K, used 10283K [0x0000000081600000, 0x0000000085780000, 0x00000000d5d00000)
  object space 67072K, 15% used [0x0000000081600000,0x000000008200aee8,0x0000000085780000)
 Metaspace       used 25943K, capacity 26644K, committed 26880K, reserved 1073152K
  class space    used 3642K, capacity 3805K, committed 3840K, reserved 1048576K
Event: 3.548 GC heap after
Heap after GC invocations=5 (full 1):
 PSYoungGen      total 51712K, used 5100K [0x00000000d5d00000, 0x00000000da800000, 0x0000000100000000)
  eden space 46592K, 0% used [0x00000000d5d00000,0x00000000d5d00000,0x00000000d8a80000)
  from space 5120K, 99% used [0x00000000da300000,0x00000000da7fb040,0x00000000da800000)
  to   space 5120K, 0% used [0x00000000d9e00000,0x00000000d9e00000,0x00000000da300000)
 ParOldGen       total 67072K, used 10325K [0x0000000081600000, 0x0000000085780000, 0x00000000d5d00000)
  object space 67072K, 15% used [0x0000000081600000,0x00000000820154c8,0x0000000085780000)
 Metaspace       used 25943K, capacity 26644K, committed 26880K, reserved 1073152K
  class space    used 3642K, capacity 3805K, committed 3840K, reserved 1048576K
}
Event: 5.885 GC heap before
{Heap before GC invocations=6 (full 1):
 PSYoungGen      total 51712K, used 51692K [0x00000000d5d00000, 0x00000000da800000, 0x0000000100000000)
  eden space 46592K, 100% used [0x00000000d5d00000,0x00000000d8a80000,0x00000000d8a80000)
  from space 5120K, 99% used [0x00000000da300000,0x00000000da7fb040,0x00000000da800000)
  to   space 5120K, 0% used [0x00000000d9e00000,0x00000000d9e00000,0x00000000da300000)
 ParOldGen       total 67072K, used 10325K [0x0000000081600000, 0x0000000085780000, 0x00000000d5d00000)
  object space 67072K, 15% used [0x0000000081600000,0x00000000820154c8,0x0000000085780000)
 Metaspace       used 32450K, capacity 33768K, committed 34048K, reserved 1079296K
  class space    used 4571K, capacity 4817K, committed 4864K, reserved 1048576K
Event: 5.896 GC heap after
Heap after GC invocations=6 (full 1):
 PSYoungGen      total 68608K, used 5104K [0x00000000d5d00000, 0x00000000db000000, 0x0000000100000000)
  eden space 63488K, 0% used [0x00000000d5d00000,0x00000000d5d00000,0x00000000d9b00000)
  from space 5120K, 99% used [0x00000000d9e00000,0x00000000da2fc050,0x00000000da300000)
  to   space 10752K, 0% used [0x00000000da580000,0x00000000da580000,0x00000000db000000)
 ParOldGen       total 67072K, used 14954K [0x0000000081600000, 0x0000000085780000, 0x00000000d5d00000)
  object space 67072K, 22% used [0x0000000081600000,0x000000008249abe0,0x0000000085780000)
 Metaspace       used 32450K, capacity 33768K, committed 34048K, reserved 1079296K
  class space    used 4571K, capacity 4817K, committed 4864K, reserved 1048576K
}
Event: 7.855 GC heap before
{Heap before GC invocations=7 (full 1):
 PSYoungGen      total 68608K, used 32997K [0x00000000d5d00000, 0x00000000db000000, 0x0000000100000000)
  eden space 63488K, 43% used [0x00000000d5d00000,0x00000000d783d7a8,0x00000000d9b00000)
  from space 5120K, 99% used [0x00000000d9e00000,0x00000000da2fc050,0x00000000da300000)
  to   space 10752K, 0% used [0x00000000da580000,0x00000000da580000,0x00000000db000000)
 ParOldGen       total 67072K, used 14954K [0x0000000081600000, 0x0000000085780000, 0x00000000d5d00000)
  object space 67072K, 22% used [0x0000000081600000,0x000000008249abe0,0x0000000085780000)
 Metaspace       used 33990K, capacity 35406K, committed 35496K, reserved 1079296K
  class space    used 4839K, capacity 5090K, committed 5120K, reserved 1048576K
Event: 7.870 GC heap after
Heap after GC invocations=7 (full 1):
 PSYoungGen      total 72704K, used 10184K [0x00000000d5d00000, 0x00000000dc880000, 0x0000000100000000)
  eden space 61952K, 0% used [0x00000000d5d00000,0x00000000d5d00000,0x00000000d9980000)
  from space 10752K, 94% used [0x00000000da580000,0x00000000daf72220,0x00000000db000000)
  to   space 12288K, 0% used [0x00000000d9980000,0x00000000d9980000,0x00000000da580000)
 ParOldGen       total 67072K, used 14962K [0x0000000081600000, 0x0000000085780000, 0x00000000d5d00000)
  object space 67072K, 22% used [0x0000000081600000,0x000000008249cbe0,0x0000000085780000)
 Metaspace       used 33990K, capacity 35406K, committed 35496K, reserved 1079296K
  class space    used 4839K, capacity 5090K, committed 5120K, reserved 1048576K
}
Event: 7.870 GC heap before
{Heap before GC invocations=8 (full 2):
 PSYoungGen      total 72704K, used 10184K [0x00000000d5d00000, 0x00000000dc880000, 0x0000000100000000)
  eden space 61952K, 0% used [0x00000000d5d00000,0x00000000d5d00000,0x00000000d9980000)
  from space 10752K, 94% used [0x00000000da580000,0x00000000daf72220,0x00000000db000000)
  to   space 12288K, 0% used [0x00000000d9980000,0x00000000d9980000,0x00000000da580000)
 ParOldGen       total 67072K, used 14962K [0x0000000081600000, 0x0000000085780000, 0x00000000d5d00000)
  object space 67072K, 22% used [0x0000000081600000,0x000000008249cbe0,0x0000000085780000)
 Metaspace       used 33990K, capacity 35406K, committed 35496K, reserved 1079296K
  class space    used 4839K, capacity 5090K, committed 5120K, reserved 1048576K
Event: 7.983 GC heap after
Heap after GC invocations=8 (full 2):
 PSYoungGen      total 72704K, used 0K [0x00000000d5d00000, 0x00000000dc880000, 0x0000000100000000)
  eden space 61952K, 0% used [0x00000000d5d00000,0x00000000d5d00000,0x00000000d9980000)
  from space 10752K, 0% used [0x00000000da580000,0x00000000da580000,0x00000000db000000)
  to   space 12288K, 0% used [0x00000000d9980000,0x00000000d9980000,0x00000000da580000)
 ParOldGen       total 114176K, used 19724K [0x0000000081600000, 0x0000000088580000, 0x00000000d5d00000)
  object space 114176K, 17% used [0x0000000081600000,0x0000000082943278,0x0000000088580000)
 Metaspace       used 33990K, capacity 35406K, committed 35496K, reserved 1079296K
  class space    used 4839K, capacity 5090K, committed 5120K, reserved 1048576K
}

